13:21:05 __main__ DEBUG:Creating server
13:21:05 __main__ DEBUG:Starting server
13:21:05 PlantEd.server.server INFO:Starting the server.
13:21:05 PlantEd.server.server INFO:Waiting for the server to be fully started.
13:21:05 cobra.core.model INFO:The current solver interface glpk doesn't support setting the optimality tolerance.
13:21:05 root DEBUG:Setting max_starch_pool to 18.507085825511933 micromol.Based on a biomass of 0.4001 grams.
13:21:05 PlantEd.client.water DEBUG:Setting new_max_water_pool to 17.76713989457838 µmol.Based on a biomass of 0.4001 grams.
13:21:05 PlantEd.server.plant.nitrate DEBUG:Setting max_nitrate_pool to 3.1607900000000004 µmol. Based on a biomass of 0.4001 grams.
13:21:05 PlantEd.fba.dynamic_model DEBUG:Setting bounds for Reaction Biomass_tx_root to (0, 1000)
13:21:05 PlantEd.fba.dynamic_model DEBUG:Creating new Constraints root_and_stem: 0 <= 0.8*Biomass_tx_root - 0.8*Biomass_tx_root_reverse_3e267 - 0.4*Biomass_tx_stem + 0.4*Biomass_tx_stem_reverse_9ed3b <= 0
13:21:05 PlantEd.fba.dynamic_model DEBUG:Creating new Constraints root_and_leaf: 0 <= -0.4*Biomass_tx_leaf + 0.4*Biomass_tx_leaf_reverse_8f4b1 + 0.8*Biomass_tx_root - 0.8*Biomass_tx_root_reverse_3e267 <= 0
13:21:05 PlantEd.fba.dynamic_model DEBUG:Setting bounds for Reaction Biomass_tx_stem to (0, 1000)
13:21:05 PlantEd.fba.dynamic_model DEBUG:Creating new Constraints stem_and_leaf: 0 <= -0.4*Biomass_tx_leaf + 0.4*Biomass_tx_leaf_reverse_8f4b1 + 0.4*Biomass_tx_stem - 0.4*Biomass_tx_stem_reverse_9ed3b <= 0
13:21:05 PlantEd.fba.dynamic_model DEBUG:Setting bounds for Reaction Biomass_tx_leaf to (0, 1000)
13:21:05 PlantEd.fba.dynamic_model DEBUG:Setting bounds for Reaction Biomass_tx_seed to (0, 0)
13:21:05 PlantEd.fba.dynamic_model DEBUG:Setting bounds for Reaction Starch_out_tx_stem to (0, 0)
13:21:05 PlantEd.fba.dynamic_model DEBUG:Simulating the growth of the plant for 1 seconds.
13:21:05 root DEBUG:Within a time of 1 seconds, an organ with 0.1 grams of biomass has a maximum of 3.701417165102386 micromol/(second * gram) of starch available.
13:21:05 PlantEd.fba.dynamic_model DEBUG:Upper Bound for starch is 3.701417165102386
13:21:05 PlantEd.fba.dynamic_model DEBUG:Bounds for starch are (0, 3.701417165102386)
13:21:05 PlantEd.client.water DEBUG:Within a time of 1 seconds, an organ with 0.2 grams of biomass has a maximum of 1.776713989457838 µmol/(second * gram) of water available.
13:21:05 PlantEd.server.environment.grid DEBUG:The passed root has access to 0.0 mMol of metabolites.
13:21:05 PlantEd.client.water DEBUG:Setting transpiration_factor to 44.93489760000001.
13:21:05 PlantEd.client.water DEBUG:Setting transpiration to 0. Based on CO2 intake of 0 and a transpiration_factor of 44.93489760000001
13:21:05 PlantEd.fba.dynamic_model DEBUG:Available Water from Plant pool is: 1.776713989457838, available water from env pool is: 0.0, transpiration is 0.0. Bounds for water set to: (-1000, 1.776713989457838)
13:21:05 PlantEd.fba.dynamic_model DEBUG:Bounds for photons are (0, 0.0)
13:21:05 PlantEd.server.plant.nitrate DEBUG:Within a time of 1 seconds, an organ with 0.2 grams of biomass has a maximum of 0.31607900000000005 µomol/(second * gram) of nitrate available_absolute.
13:21:05 PlantEd.server.environment.grid DEBUG:The passed root has access to 0.0 mMol of metabolites.
13:21:05 PlantEd.server.environment.grid INFO:Calculated max uptake based on the soil as 0.0 and based on the Michaelis-Menten equation is 0.0 
13:21:05 PlantEd.fba.dynamic_model DEBUG:Bounds for nitrate are  (-1000, 0.31607900000000005), Nitrate pool available is 0.0
13:21:06 PlantEd.fba.dynamic_model DEBUG:Simulation resulted in an objective_value of 3.7014E+00.
13:21:06 PlantEd.fba.dynamic_model DEBUG:Flux of leaf biomass is 0.0, flux of stem biomass is 0.0, flux of root biomass is 0.0, flux of seed biomass is 0.0
13:21:06 PlantEd.fba.dynamic_model DEBUG:Leaf biomass is 0.0 micromol, stem biomass is 0.0 micromol, root biomass is 0.0 micromol, seed biomass is 0.0 micromol.
13:21:06 PlantEd.fba.dynamic_model DEBUG:CO2 uptake is 0.0, photon uptake is 0.0
13:21:06 PlantEd.fba.dynamic_model DEBUG:Starch_in is 0.37014171651023864 and starch_out is 0.37014171651023864
13:21:06 PlantEd.fba.dynamic_model DEBUG:Water uptake is 0.0, nitrate uptake is 0.0
13:21:06 PlantEd.client.water DEBUG:Setting new_max_water_pool to 17.76713989457838 µmol.Based on a biomass of 0.4001 grams.
13:21:06 PlantEd.client.water DEBUG:Setting transpiration_factor to 44.93489760000001.
13:21:06 PlantEd.client.water DEBUG:Setting transpiration to 0. Based on CO2 intake of 0.0 and a transpiration_factor of 44.93489760000001
13:21:06 PlantEd.server.environment.grid DEBUG:The passed root has access to 0.0 mMol of metabolites.
13:21:06 PlantEd.server.plant.nitrate DEBUG:Setting max_nitrate_pool to 3.1607900000000004 µmol. Based on a biomass of 0.4001 grams.
13:21:06 PlantEd.fba.dynamic_model DEBUG:FIND ME NITRATE:  , -12.643160000000002, nitrate_pool: 15.803950000000002,  MAX nitrate_pool: 3.1607900000000004
13:21:06 PlantEd.server.environment.grid DEBUG:The passed root has access to 0.0 mMol of metabolites.
13:21:06 root DEBUG:Setting max_starch_pool to 18.507085825511933 micromol.Based on a biomass of 0.4001 grams.
13:21:06 PlantEd.fba.dynamic_model DEBUG:Updated Plant is as follows - Plant object with following biomass values: Leafs 1.0000E-01 gram Stem 1.0000E-01 gram Root 2.0000E-01 gram Seed 1.0000E-04 gram - other values : CO2 uptake is 0.0000E+00 µmol Photon uptake is 0.0000E+00 µmol Starch is Starch object with following values: available starch pool is 18.507085825511933 micromol, __max_starch_pool is 18.507085825511933, starch_out is 0.37014171651023864, starch_in is 0.37014171651023864, allowed_starch_pool_consumption is 1.0 µmol Water is Water object with following values: water_pool is 17.76713989457838 µmol, water_intake is 0 µmol water_intake_pool is 0 µmol, transpiration is 0 µmol max_water_pool is 17.76713989457838 µmol. µmol Nitrate is Nitrate object with following values: nitrate_pool is 3.1607900000000004 µmol nitrate_intake is 0.0 µmol max_nitrate_pool is 3.1607900000000004 µmol. µmol
13:21:06 asyncio DEBUG:Using selector: EpollSelector
13:21:06 websockets.server INFO:server listening on [::]:42097
13:21:06 PlantEd.server.server INFO:Server is ready
13:21:06 matplotlib DEBUG:matplotlib data path: /home/daniel/anaconda3/envs/plant/lib/python3.11/site-packages/matplotlib/mpl-data
13:21:06 matplotlib DEBUG:CONFIGDIR=/home/daniel/.config/matplotlib
13:21:06 matplotlib DEBUG:interactive is False
13:21:06 matplotlib DEBUG:platform is linux
13:21:06 matplotlib DEBUG:CACHEDIR=/home/daniel/.cache/matplotlib
13:21:06 matplotlib.font_manager DEBUG:Using fontManager instance from /home/daniel/.cache/matplotlib/fontlist-v330.json
13:21:08 websockets.server INFO:server closing
13:21:08 websockets.server INFO:server closed
13:21:08 PlantEd.server.server DEBUG:Process closed
