2023-08-14 13:44:19,427 PlantEd.server.server INFO:Starting the server.
2023-08-14 13:44:19,433 PlantEd.server.server INFO:Waiting for the server to be fully started.
2023-08-14 13:44:19,832 PlantEd.server.plant.nitrate DEBUG:Setting max_nitrate_pool to 29.309 µmol. Based on a biomass of 3.71 grams.
2023-08-14 13:44:19,868 PlantEd.server.plant.nitrate DEBUG:Within a time of 1 seconds, an organ with 2.0 grams of biomass has a maximum of 0.29309 µomol/(second * gram) of nitrate available.
2023-08-14 13:44:20,417 PlantEd.server.plant.nitrate DEBUG:Setting max_nitrate_pool to 29.309 µmol. Based on a biomass of 3.71 grams.
2023-08-14 13:44:20,419 PlantEd.server.server INFO:Server is ready
2023-08-14 13:44:21,775 PlantEd.server.plant.nitrate DEBUG:Setting max_nitrate_pool to 29.309 µmol. Based on a biomass of 3.71 grams.
2023-08-14 13:44:21,785 PlantEd.server.server DEBUG:Connection from ('::ffff:127.0.0.1', 57992, 0, 0) established.
2023-08-14 13:44:21,785 PlantEd.server.server INFO:('::ffff:127.0.0.1', 57992, 0, 0) connected.
2023-08-14 13:44:21,785 PlantEd.server.server DEBUG:('::ffff:127.0.0.1', 57992, 0, 0) registered as client
2023-08-14 13:44:22,217 PlantEd.server.server INFO:Received {"activate_starch_resource": 100.0}
2023-08-14 13:44:22,217 PlantEd.server.server DEBUG:Received command identified as activate_starch_resource.
2023-08-14 13:44:22,217 PlantEd.server.server INFO:Activating starch use
2023-08-14 13:44:23,661 PlantEd.server.server INFO:Received {"growth_rate": {"GrowthPercent": "{\"leaf\": 0.0, \"stem\": 0.0, \"root\": 100.0, \"starch\": 0, \"flower\": 0, \"time_frame\": 455.972}"}}
2023-08-14 13:44:23,661 PlantEd.server.server DEBUG:Received command identified as calculation of growth_rates.
2023-08-14 13:44:23,662 PlantEd.server.server INFO:Calculating growth rates from GrowthPercent(leaf=0.0, stem=0.0, root=100.0, starch=0, flower=0, time_frame=455.972)
2023-08-14 13:44:23,686 PlantEd.server.plant.nitrate DEBUG:Within a time of 455.972 seconds, an organ with 2.0 grams of biomass has a maximum of 0.0006427806970603459 µomol/(second * gram) of nitrate available.
2023-08-14 13:44:23,926 PlantEd.server.plant.nitrate DEBUG:Setting max_nitrate_pool to 30.31935418300747 µmol. Based on a biomass of 3.837892934557907 grams.
2023-08-14 13:44:23,926 PlantEd.server.server INFO:Calculated growth rates: GrowthRates(unit='mol', leaf_rate=0.0, stem_rate=0.0, root_rate=0.12789293455790732, starch_rate=0.0, starch_intake=1.0533328070254147, seed_rate=0.0, time_frame=455.972)
2023-08-14 13:44:23,926 PlantEd.server.server INFO:Sending following answer for growth rates : {"leafs_biomass": 0.8, "stem_biomass": 0.9, "root_biomass": 2.127892934557907, "seed_biomass": 0.01, "co2": -1.8127225503123046, "photon": 0.0, "stomata_open": false, "water": {"water_pool": 164.74903526339864, "water_intake": 0, "water_intake_pool": 0, "transpiration": 0, "max_water_pool": 170.42834458561433}, "nitrate": {"nitrate_pool": 291.91764, "nitrate_intake": 0.58618, "max_nitrate_pool": 30.31935418300747}, "starch": {"max_starch_pool": 177.52615328415158, "starch_out": 0.0, "starch_in": 1.0533328070254147, "allowed_starch_pool_consumption": 1, "available_starch_pool": 170.55698564498476}}
2023-08-14 13:44:23,927 PlantEd.server.server INFO:Received {"get_environment": "null"}
2023-08-14 13:44:23,927 PlantEd.server.server DEBUG:Received command identified as get_environment.
2023-08-14 13:44:23,936 PlantEd.server.plant.nitrate DEBUG:Setting max_nitrate_pool to 29.309 µmol. Based on a biomass of 3.71 grams.
2023-08-14 13:44:23,936 PlantEd.server.plant.nitrate DEBUG:Setting max_nitrate_pool to 0.0 µmol. Based on a biomass of 0 grams.
2023-08-14 13:44:24,663 PlantEd.server.server INFO:Received {"growth_rate": {"GrowthPercent": "{\"leaf\": 0.0, \"stem\": 0.0, \"root\": 100.0, \"starch\": 0, \"flower\": 0, \"time_frame\": 241.48200000000006}"}}
2023-08-14 13:44:24,663 PlantEd.server.server DEBUG:Received command identified as calculation of growth_rates.
2023-08-14 13:44:24,663 PlantEd.server.server INFO:Calculating growth rates from GrowthPercent(leaf=0.0, stem=0.0, root=100.0, starch=0, flower=0, time_frame=241.48200000000006)
2023-08-14 13:44:24,687 PlantEd.server.plant.nitrate DEBUG:Within a time of 241.48200000000006 seconds, an organ with 2.127892934557907 grams of biomass has a maximum of 0.0011800907477687657 µomol/(second * gram) of nitrate available.
2023-08-14 13:44:24,716 PlantEd.server.plant.nitrate DEBUG:Setting max_nitrate_pool to 31.36453778957498 µmol. Based on a biomass of 3.9701946569082254 grams.
2023-08-14 13:44:24,716 PlantEd.server.server INFO:Calculated growth rates: GrowthRates(unit='mol', leaf_rate=0.0, stem_rate=0.0, root_rate=0.1323017223503183, starch_rate=0.0, starch_intake=1.0896438107334152, seed_rate=0.0, time_frame=241.48200000000006)
2023-08-14 13:44:24,716 PlantEd.server.server INFO:Sending following answer for growth rates : {"leafs_biomass": 0.8, "stem_biomass": 0.9, "root_biomass": 2.2601946569082254, "seed_biomass": 0.01, "co2": -1.8752116086678046, "photon": 0.0, "stomata_open": false, "water": {"water_pool": 164.74903526339864, "water_intake": 0, "water_intake_pool": 0, "transpiration": 0, "max_water_pool": 176.303433836531}, "nitrate": {"nitrate_pool": 290.70486583267973, "nitrate_intake": 0.6063870836601494, "max_nitrate_pool": 31.36453778957498}, "starch": {"max_starch_pool": 183.64592166805656, "starch_out": 0.0, "starch_in": 1.0896438107334152, "allowed_starch_pool_consumption": 1, "available_starch_pool": 169.46734183425136}}
2023-08-14 13:44:24,717 PlantEd.server.server INFO:Received {"get_environment": "null"}
2023-08-14 13:44:24,717 PlantEd.server.server DEBUG:Received command identified as get_environment.
2023-08-14 13:44:24,718 PlantEd.server.plant.nitrate DEBUG:Setting max_nitrate_pool to 29.309 µmol. Based on a biomass of 3.71 grams.
2023-08-14 13:44:24,718 PlantEd.server.plant.nitrate DEBUG:Setting max_nitrate_pool to 0.0 µmol. Based on a biomass of 0 grams.
2023-08-14 13:44:25,685 PlantEd.server.server INFO:Received {"growth_rate": {"GrowthPercent": "{\"leaf\": 0.0, \"stem\": 0.0, \"root\": 100.0, \"starch\": 0, \"flower\": 0, \"time_frame\": 240.75899999999993}"}}
2023-08-14 13:44:25,685 PlantEd.server.server DEBUG:Received command identified as calculation of growth_rates.
2023-08-14 13:44:25,685 PlantEd.server.server INFO:Calculating growth rates from GrowthPercent(leaf=0.0, stem=0.0, root=100.0, starch=0, flower=0, time_frame=240.75899999999993)
2023-08-14 13:44:25,709 PlantEd.server.plant.nitrate DEBUG:Within a time of 240.75899999999993 seconds, an organ with 2.2601946569082254 grams of biomass has a maximum of 0.001152764285287756 µomol/(second * gram) of nitrate available.
2023-08-14 13:44:25,736 PlantEd.server.plant.nitrate DEBUG:Setting max_nitrate_pool to 32.4457514766265 µmol. Based on a biomass of 4.107057148940063 grams.
2023-08-14 13:44:25,736 PlantEd.server.server INFO:Calculated growth rates: GrowthRates(unit='mol', leaf_rate=0.0, stem_rate=0.0, root_rate=0.13686249203183723, starch_rate=0.0, starch_intake=1.1272065451208728, seed_rate=0.0, time_frame=240.75899999999993)
2023-08-14 13:44:25,736 PlantEd.server.server INFO:Sending following answer for growth rates : {"leafs_biomass": 0.8, "stem_biomass": 0.9, "root_biomass": 2.3970571489400627, "seed_biomass": 0.01, "co2": -1.9398548204061883, "photon": 0.0, "stomata_open": false, "water": {"water_pool": 164.74903526339864, "water_intake": 0, "water_intake_pool": 0, "transpiration": 0, "max_water_pool": 182.38105203760645}, "nitrate": {"nitrate_pool": 289.4502843210968, "nitrate_intake": 0.6272907557914996, "max_nitrate_pool": 32.4457514766265}, "starch": {"max_starch_pool": 189.97665370086503, "starch_out": 0.0, "starch_in": 1.1272065451208728, "allowed_starch_pool_consumption": 1, "available_starch_pool": 168.34013528913047}}
2023-08-14 13:44:25,737 PlantEd.server.server INFO:Received {"get_environment": "null"}
2023-08-14 13:44:25,737 PlantEd.server.server DEBUG:Received command identified as get_environment.
2023-08-14 13:44:25,745 PlantEd.server.plant.nitrate DEBUG:Setting max_nitrate_pool to 29.309 µmol. Based on a biomass of 3.71 grams.
2023-08-14 13:44:25,745 PlantEd.server.plant.nitrate DEBUG:Setting max_nitrate_pool to 0.0 µmol. Based on a biomass of 0 grams.
2023-08-14 13:44:26,666 PlantEd.server.server INFO:Received {"growth_rate": {"GrowthPercent": "{\"leaf\": 0.0, \"stem\": 0.0, \"root\": 100.0, \"starch\": 0, \"flower\": 0, \"time_frame\": 236.42100000000008}"}}
2023-08-14 13:44:26,667 PlantEd.server.server DEBUG:Received command identified as calculation of growth_rates.
2023-08-14 13:44:26,667 PlantEd.server.server INFO:Calculating growth rates from GrowthPercent(leaf=0.0, stem=0.0, root=100.0, starch=0, flower=0, time_frame=236.42100000000008)
2023-08-14 13:44:26,690 PlantEd.server.plant.nitrate DEBUG:Within a time of 236.42100000000008 seconds, an organ with 2.3970571489400627 grams of biomass has a maximum of 0.0011450472148243737 µomol/(second * gram) of nitrate available.
2023-08-14 13:44:26,718 PlantEd.server.plant.nitrate DEBUG:Setting max_nitrate_pool to 33.56423729071877 µmol. Based on a biomass of 4.248637631736553 grams.
2023-08-14 13:44:26,718 PlantEd.server.server INFO:Calculated growth rates: GrowthRates(unit='mol', leaf_rate=0.0, stem_rate=0.0, root_rate=0.14158048279649066, starch_rate=0.0, starch_intake=1.1660641604600692, seed_rate=0.0, time_frame=236.42100000000008)
2023-08-14 13:44:26,718 PlantEd.server.server INFO:Sending following answer for growth rates : {"leafs_biomass": 0.8, "stem_biomass": 0.9, "root_biomass": 2.5386376317365533, "seed_biomass": 0.01, "co2": -2.0067264445566217, "photon": 0.0, "stomata_open": false, "water": {"water_pool": 164.74903526339864, "water_intake": 0, "water_intake_pool": 0, "transpiration": 0, "max_water_pool": 188.66818086586736}, "nitrate": {"nitrate_pool": 288.1524542620317, "nitrate_intake": 0.64891502953253, "max_nitrate_pool": 33.56423729071877}, "starch": {"max_starch_pool": 196.5256218246642, "starch_out": 0.0, "starch_in": 1.1660641604600692, "allowed_starch_pool_consumption": 1, "available_starch_pool": 167.1740711286704}}
2023-08-14 13:44:26,719 PlantEd.server.server INFO:Received {"get_environment": "null"}
2023-08-14 13:44:26,719 PlantEd.server.server DEBUG:Received command identified as get_environment.
2023-08-14 13:44:26,727 PlantEd.server.plant.nitrate DEBUG:Setting max_nitrate_pool to 29.309 µmol. Based on a biomass of 3.71 grams.
2023-08-14 13:44:26,727 PlantEd.server.plant.nitrate DEBUG:Setting max_nitrate_pool to 0.0 µmol. Based on a biomass of 0 grams.
2023-08-14 13:44:27,685 PlantEd.server.server INFO:Received {"growth_rate": {"GrowthPercent": "{\"leaf\": 0.0, \"stem\": 0.0, \"root\": 100.0, \"starch\": 0, \"flower\": 0, \"time_frame\": 244.856}"}}
2023-08-14 13:44:27,685 PlantEd.server.server DEBUG:Received command identified as calculation of growth_rates.
2023-08-14 13:44:27,685 PlantEd.server.server INFO:Calculating growth rates from GrowthPercent(leaf=0.0, stem=0.0, root=100.0, starch=0, flower=0, time_frame=244.856)
2023-08-14 13:44:27,708 PlantEd.server.plant.nitrate DEBUG:Within a time of 244.856 seconds, an organ with 2.5386376317365533 grams of biomass has a maximum of 0.0010799292751411897 µomol/(second * gram) of nitrate available.
2023-08-14 13:44:27,735 PlantEd.server.plant.nitrate DEBUG:Setting max_nitrate_pool to 34.72128009484491 µmol. Based on a biomass of 4.395098746182899 grams.
2023-08-14 13:44:27,735 PlantEd.server.server INFO:Calculated growth rates: GrowthRates(unit='mol', leaf_rate=0.0, stem_rate=0.0, root_rate=0.14646111444634563, starch_rate=0.0, starch_intake=1.2062612945204456, seed_rate=0.0, time_frame=244.856)
2023-08-14 13:44:27,735 PlantEd.server.server INFO:Sending following answer for growth rates : {"leafs_biomass": 0.8, "stem_biomass": 0.9, "root_biomass": 2.685098746182899, "seed_biomass": 0.01, "co2": -2.075903300041585, "photon": 0.0, "stomata_open": false, "water": {"water_pool": 164.74903526339864, "water_intake": 0, "water_intake_pool": 0, "transpiration": 0, "max_water_pool": 195.17204267412552}, "nitrate": {"nitrate_pool": 286.80988477040296, "nitrate_intake": 0.6712847458143754, "max_nitrate_pool": 34.72128009484491}, "starch": {"max_starch_pool": 203.30034918072184, "starch_out": 0.0, "starch_in": 1.2062612945204456, "allowed_starch_pool_consumption": 1, "available_starch_pool": 165.96780983414993}}
2023-08-14 13:44:27,736 PlantEd.server.server INFO:Received {"get_environment": "null"}
2023-08-14 13:44:27,736 PlantEd.server.server DEBUG:Received command identified as get_environment.
2023-08-14 13:44:27,743 PlantEd.server.plant.nitrate DEBUG:Setting max_nitrate_pool to 29.309 µmol. Based on a biomass of 3.71 grams.
2023-08-14 13:44:27,743 PlantEd.server.plant.nitrate DEBUG:Setting max_nitrate_pool to 0.0 µmol. Based on a biomass of 0 grams.
2023-08-14 13:44:28,687 PlantEd.server.server INFO:Received {"growth_rate": {"GrowthPercent": "{\"leaf\": 0.0, \"stem\": 0.0, \"root\": 100.0, \"starch\": 0, \"flower\": 0, \"time_frame\": 241.48200000000006}"}}
2023-08-14 13:44:28,687 PlantEd.server.server DEBUG:Received command identified as calculation of growth_rates.
2023-08-14 13:44:28,688 PlantEd.server.server INFO:Calculating growth rates from GrowthPercent(leaf=0.0, stem=0.0, root=100.0, starch=0, flower=0, time_frame=241.48200000000006)
2023-08-14 13:44:28,711 PlantEd.server.plant.nitrate DEBUG:Within a time of 241.48200000000006 seconds, an organ with 2.685098746182899 grams of biomass has a maximum of 0.001070978365887057 µomol/(second * gram) of nitrate available.
2023-08-14 13:44:28,737 PlantEd.server.plant.nitrate DEBUG:Setting max_nitrate_pool to 35.91820904442354 µmol. Based on a biomass of 4.546608739800448 grams.
2023-08-14 13:44:28,737 PlantEd.server.server INFO:Calculated growth rates: GrowthRates(unit='mol', leaf_rate=0.0, stem_rate=0.0, root_rate=0.15150999361754963, starch_rate=0.0, starch_intake=1.2478441238465525, seed_rate=0.0, time_frame=241.48200000000006)
2023-08-14 13:44:28,738 PlantEd.server.server INFO:Sending following answer for growth rates : {"leafs_biomass": 0.8, "stem_biomass": 0.9, "root_biomass": 2.8366087398004485, "seed_biomass": 0.01, "co2": -2.1474648539232004, "photon": 0.0, "stomata_open": false, "water": {"water_pool": 164.74903526339864, "water_intake": 0, "water_intake_pool": 0, "transpiration": 0, "max_water_pool": 201.90010878767131}, "nitrate": {"nitrate_pool": 285.42103356660914, "nitrate_intake": 0.6944256018968982, "max_nitrate_pool": 35.91820904442354}, "starch": {"max_starch_pool": 210.30861825171095, "starch_out": 0.0, "starch_in": 1.2478441238465525, "allowed_starch_pool_consumption": 1, "available_starch_pool": 164.71996571030337}}
2023-08-14 13:44:28,738 PlantEd.server.server INFO:Received {"get_environment": "null"}
2023-08-14 13:44:28,738 PlantEd.server.server DEBUG:Received command identified as get_environment.
2023-08-14 13:44:28,745 PlantEd.server.plant.nitrate DEBUG:Setting max_nitrate_pool to 29.309 µmol. Based on a biomass of 3.71 grams.
2023-08-14 13:44:28,752 PlantEd.server.plant.nitrate DEBUG:Setting max_nitrate_pool to 0.0 µmol. Based on a biomass of 0 grams.
